[2025-09-05 11:15:39,172: INFO: main: Logging is implemented]
[2025-09-10 02:34:32,683: INFO: commons: yaml file: config/config.yaml loaded successfully]
[2025-09-10 02:34:32,690: INFO: commons: yaml file: params.yaml loaded successfully]
[2025-09-10 02:35:50,675: INFO: commons: yaml file: config/config.yaml loaded successfully]
[2025-09-10 02:35:50,678: INFO: commons: yaml file: params.yaml loaded successfully]
[2025-09-10 02:35:50,679: INFO: commons: created a directory at: artifacts]
[2025-09-10 02:35:50,680: INFO: commons: created a directory at: artifacts/data_ingestion]
[2025-09-10 02:36:59,942: INFO: commons: yaml file: config/config.yaml loaded successfully]
[2025-09-10 02:36:59,945: INFO: commons: yaml file: params.yaml loaded successfully]
[2025-09-10 02:36:59,946: INFO: commons: created a directory at: artifacts]
[2025-09-10 02:36:59,947: INFO: commons: created a directory at: artifacts/data_ingestion]
[2025-09-10 02:38:13,955: INFO: commons: yaml file: config/config.yaml loaded successfully]
[2025-09-10 02:38:13,959: INFO: commons: yaml file: params.yaml loaded successfully]
[2025-09-10 02:38:13,960: INFO: commons: created a directory at: artifacts]
[2025-09-10 02:38:13,962: INFO: commons: created a directory at: artifacts/data_ingestion]
[2025-09-10 02:38:25,617: INFO: commons: yaml file: config/config.yaml loaded successfully]
[2025-09-10 02:38:25,620: INFO: commons: yaml file: params.yaml loaded successfully]
[2025-09-10 02:38:25,624: INFO: commons: created a directory at: artifacts]
[2025-09-10 02:38:25,627: INFO: commons: created a directory at: artifacts/data_ingestion]
[2025-09-10 19:52:15,340: INFO: commons: yaml file: config/config.yaml loaded successfully]
[2025-09-10 19:52:15,347: INFO: commons: yaml file: params.yaml loaded successfully]
[2025-09-10 19:52:15,351: INFO: commons: created a directory at: artifacts]
[2025-09-10 19:52:15,352: INFO: commons: created a directory at: artifacts/data_ingestion]
[2025-09-10 19:52:22,648: INFO: 1211043948: File downloaded to artifacts/data_ingestion/data.zip]
[2025-09-10 19:53:35,027: INFO: commons: yaml file: config/config.yaml loaded successfully]
[2025-09-10 19:53:35,040: INFO: commons: yaml file: params.yaml loaded successfully]
[2025-09-10 19:53:35,044: INFO: commons: created a directory at: artifacts]
[2025-09-10 19:53:35,046: INFO: commons: created a directory at: artifacts/data_ingestion]
[2025-09-10 19:53:35,048: INFO: 411218611: File already exists]
[2025-09-10 19:55:16,708: INFO: commons: yaml file: config/config.yaml loaded successfully]
[2025-09-10 19:55:16,714: INFO: commons: yaml file: params.yaml loaded successfully]
[2025-09-10 19:55:16,715: INFO: commons: created a directory at: artifacts]
[2025-09-10 19:55:16,716: INFO: commons: created a directory at: artifacts/data_ingestion]
[2025-09-10 19:55:16,716: INFO: 3012347994: File already exists]
[2025-09-10 19:55:16,812: INFO: 3012347994: Extracted zip file to artifacts/data_ingestion]
[2025-09-10 20:09:48,679: INFO: main: stage Data Ingestion stage initiated]
[2025-09-10 20:09:48,680: INFO: commons: yaml file: config/config.yaml loaded successfully]
[2025-09-10 20:09:48,681: INFO: commons: yaml file: params.yaml loaded successfully]
[2025-09-10 20:09:48,681: INFO: commons: created a directory at: artifacts]
[2025-09-10 20:09:48,681: INFO: commons: created a directory at: artifacts/data_ingestion]
[2025-09-10 20:09:48,681: INFO: data_ingestion: File already exists]
[2025-09-10 20:09:48,737: INFO: data_ingestion: Extracted zip file to artifacts/data_ingestion]
[2025-09-10 20:09:48,737: INFO: main: Data Ingestion stage complete.]
[2025-09-11 02:12:11,116: INFO: commons: yaml file: config/config.yaml loaded successfully]
[2025-09-11 02:12:11,127: INFO: commons: yaml file: params.yaml loaded successfully]
[2025-09-11 02:12:11,129: INFO: commons: created a directory at: artifacts]
[2025-09-11 02:12:11,131: INFO: commons: created a directory at: artifacts/data_transformation]
[2025-09-11 02:13:47,000: INFO: commons: yaml file: config/config.yaml loaded successfully]
[2025-09-11 02:13:47,004: INFO: commons: yaml file: params.yaml loaded successfully]
[2025-09-11 02:13:47,007: INFO: commons: created a directory at: artifacts]
[2025-09-11 02:13:47,007: INFO: commons: created a directory at: artifacts/data_transformation]
[2025-09-11 02:15:08,154: INFO: commons: yaml file: config/config.yaml loaded successfully]
[2025-09-11 02:15:08,158: INFO: commons: yaml file: params.yaml loaded successfully]
[2025-09-11 02:15:08,159: INFO: commons: created a directory at: artifacts]
[2025-09-11 02:15:08,161: INFO: commons: created a directory at: artifacts/data_transformation]
[2025-09-11 02:15:24,170: INFO: commons: yaml file: config/config.yaml loaded successfully]
[2025-09-11 02:15:24,172: INFO: commons: yaml file: params.yaml loaded successfully]
[2025-09-11 02:15:24,173: INFO: commons: created a directory at: artifacts]
[2025-09-11 02:15:24,174: INFO: commons: created a directory at: artifacts/data_transformation]
[2025-09-11 02:15:38,625: INFO: commons: yaml file: config/config.yaml loaded successfully]
[2025-09-11 02:15:38,635: INFO: commons: yaml file: params.yaml loaded successfully]
[2025-09-11 02:15:38,636: INFO: commons: created a directory at: artifacts]
[2025-09-11 02:15:38,640: INFO: commons: created a directory at: artifacts/data_transformation]
[2025-09-11 02:15:50,076: INFO: commons: yaml file: config/config.yaml loaded successfully]
[2025-09-11 02:15:50,078: INFO: commons: yaml file: params.yaml loaded successfully]
[2025-09-11 02:15:50,079: INFO: commons: created a directory at: artifacts]
[2025-09-11 02:15:50,079: INFO: commons: created a directory at: artifacts/data_transformation]
[2025-09-11 02:15:59,347: INFO: commons: yaml file: config/config.yaml loaded successfully]
[2025-09-11 02:15:59,350: INFO: commons: yaml file: params.yaml loaded successfully]
[2025-09-11 02:15:59,350: INFO: commons: created a directory at: artifacts]
[2025-09-11 02:15:59,351: INFO: commons: created a directory at: artifacts/data_transformation]
[2025-09-11 02:16:30,233: INFO: commons: yaml file: config/config.yaml loaded successfully]
[2025-09-11 02:16:30,235: INFO: commons: yaml file: params.yaml loaded successfully]
[2025-09-11 02:16:30,235: INFO: commons: created a directory at: artifacts]
[2025-09-11 02:16:30,236: INFO: commons: created a directory at: artifacts/data_transformation]
[2025-09-11 02:20:23,515: INFO: commons: yaml file: config/config.yaml loaded successfully]
[2025-09-11 02:20:23,517: INFO: commons: yaml file: params.yaml loaded successfully]
[2025-09-11 02:20:23,518: INFO: commons: created a directory at: artifacts]
[2025-09-11 02:20:23,519: INFO: commons: created a directory at: artifacts/data_transformation]
[2025-09-11 02:44:31,615: INFO: main: stage Data Ingestion stage initiated]
[2025-09-11 02:44:31,617: INFO: commons: yaml file: config/config.yaml loaded successfully]
[2025-09-11 02:44:31,617: INFO: commons: yaml file: params.yaml loaded successfully]
[2025-09-11 02:44:31,617: INFO: commons: created a directory at: artifacts]
[2025-09-11 02:44:31,617: INFO: commons: created a directory at: artifacts/data_ingestion]
[2025-09-11 02:44:31,617: INFO: data_ingestion: File already exists]
[2025-09-11 02:44:31,728: INFO: data_ingestion: Extracted zip file to artifacts/data_ingestion]
[2025-09-11 02:44:31,728: INFO: main: Data Ingestion stage complete.]
[2025-09-11 02:44:31,728: INFO: main: stage Data Transformation stage initiated]
[2025-09-11 02:44:31,729: INFO: commons: yaml file: config/config.yaml loaded successfully]
[2025-09-11 02:44:31,729: INFO: commons: yaml file: params.yaml loaded successfully]
[2025-09-11 02:44:31,730: INFO: commons: created a directory at: artifacts]
[2025-09-11 02:44:31,730: INFO: commons: created a directory at: artifacts/data_ingestion]
[2025-09-11 02:44:31,730: ERROR: main: 'DataIngestionConfig' object has no attribute 'tokenizer_name']
Traceback (most recent call last):
  File "/Users/karandeepsingh/Desktop/MLOps/TextSummarizer/main.py", line 22, in <module>
    data_ingestion_pipeline.initiate_data_transformation()
  File "/Users/karandeepsingh/Desktop/MLOps/TextSummarizer/src/textSummarizer/pipeline/stage_2_data_transformation_pipeline.py", line 12, in initiate_data_transformation
    data_transformation=DataTransformation(config=data_transformation_config)
  File "/Users/karandeepsingh/Desktop/MLOps/TextSummarizer/src/textSummarizer/components/data_transformation.py", line 11, in __init__
    self.tokenizer=AutoTokenizer.from_pretrained(config.tokenizer_name)
AttributeError: 'DataIngestionConfig' object has no attribute 'tokenizer_name'
[2025-09-11 02:48:22,496: INFO: main: stage Data Ingestion stage initiated]
[2025-09-11 02:48:22,497: INFO: commons: yaml file: config/config.yaml loaded successfully]
[2025-09-11 02:48:22,498: INFO: commons: yaml file: params.yaml loaded successfully]
[2025-09-11 02:48:22,498: INFO: commons: created a directory at: artifacts]
[2025-09-11 02:48:22,498: INFO: commons: created a directory at: artifacts/data_ingestion]
[2025-09-11 02:48:22,498: INFO: data_ingestion: File already exists]
[2025-09-11 02:48:22,816: INFO: data_ingestion: Extracted zip file to artifacts/data_ingestion]
[2025-09-11 02:48:22,817: INFO: main: Data Ingestion stage complete.]
[2025-09-11 02:48:22,817: INFO: main: stage Data Transformation stage initiated]
[2025-09-11 02:48:22,818: INFO: commons: yaml file: config/config.yaml loaded successfully]
[2025-09-11 02:48:22,818: INFO: commons: yaml file: params.yaml loaded successfully]
[2025-09-11 02:48:22,818: INFO: commons: created a directory at: artifacts]
[2025-09-11 02:48:22,818: ERROR: main: 'ConfigurationManager' object has no attribute 'get_data_transforamtion_config']
Traceback (most recent call last):
  File "/Users/karandeepsingh/Desktop/MLOps/TextSummarizer/main.py", line 22, in <module>
    data_transformation_pipeline.initiate_data_transformation()
  File "/Users/karandeepsingh/Desktop/MLOps/TextSummarizer/src/textSummarizer/pipeline/stage_2_data_transformation_pipeline.py", line 11, in initiate_data_transformation
    data_transformation_config=config.get_data_transforamtion_config()
AttributeError: 'ConfigurationManager' object has no attribute 'get_data_transforamtion_config'
[2025-09-11 02:48:49,325: INFO: main: stage Data Ingestion stage initiated]
[2025-09-11 02:48:49,326: INFO: commons: yaml file: config/config.yaml loaded successfully]
[2025-09-11 02:48:49,327: INFO: commons: yaml file: params.yaml loaded successfully]
[2025-09-11 02:48:49,327: INFO: commons: created a directory at: artifacts]
[2025-09-11 02:48:49,327: INFO: commons: created a directory at: artifacts/data_ingestion]
[2025-09-11 02:48:49,327: INFO: data_ingestion: File already exists]
[2025-09-11 02:48:49,418: INFO: data_ingestion: Extracted zip file to artifacts/data_ingestion]
[2025-09-11 02:48:49,418: INFO: main: Data Ingestion stage complete.]
[2025-09-11 02:48:49,418: INFO: main: stage Data Transformation stage initiated]
[2025-09-11 02:48:49,419: INFO: commons: yaml file: config/config.yaml loaded successfully]
[2025-09-11 02:48:49,420: INFO: commons: yaml file: params.yaml loaded successfully]
[2025-09-11 02:48:49,420: INFO: commons: created a directory at: artifacts]
[2025-09-11 02:48:49,420: INFO: commons: created a directory at: artifacts/data_transformation]
[2025-09-11 02:48:54,746: INFO: main: Data Transformation stage complete.]
[2025-09-11 13:11:21,098: INFO: commons: yaml file: config/config.yaml loaded successfully]
[2025-09-11 13:11:21,133: INFO: commons: yaml file: params.yaml loaded successfully]
[2025-09-11 13:11:21,150: INFO: commons: created a directory at: artifacts]
[2025-09-11 13:11:21,158: INFO: commons: created a directory at: artifacts/model_trainer]
[2025-09-11 13:13:29,474: INFO: commons: yaml file: config/config.yaml loaded successfully]
[2025-09-11 13:13:29,486: INFO: commons: yaml file: params.yaml loaded successfully]
[2025-09-11 13:13:29,487: INFO: commons: created a directory at: artifacts]
[2025-09-11 13:13:29,490: INFO: commons: created a directory at: artifacts/model_trainer]
[2025-09-11 13:47:03,727: INFO: commons: yaml file: config/config.yaml loaded successfully]
[2025-09-11 13:47:03,743: INFO: commons: yaml file: params.yaml loaded successfully]
[2025-09-11 13:47:03,748: INFO: commons: created a directory at: artifacts]
[2025-09-11 13:47:03,752: INFO: commons: created a directory at: artifacts/model_trainer]
[2025-09-11 13:47:19,282: INFO: commons: yaml file: config/config.yaml loaded successfully]
[2025-09-11 13:47:19,285: INFO: commons: yaml file: params.yaml loaded successfully]
[2025-09-11 13:47:19,286: INFO: commons: created a directory at: artifacts]
[2025-09-11 13:47:19,287: INFO: commons: created a directory at: artifacts/model_trainer]
[2025-09-11 13:49:57,176: INFO: commons: yaml file: config/config.yaml loaded successfully]
[2025-09-11 13:49:57,180: INFO: commons: yaml file: params.yaml loaded successfully]
[2025-09-11 13:49:57,180: INFO: commons: created a directory at: artifacts]
[2025-09-11 13:49:57,181: INFO: commons: created a directory at: artifacts/model_trainer]
[2025-09-11 14:01:51,386: INFO: commons: yaml file: config/config.yaml loaded successfully]
[2025-09-11 14:01:51,418: INFO: commons: yaml file: params.yaml loaded successfully]
[2025-09-11 14:01:51,422: INFO: commons: created a directory at: artifacts]
[2025-09-11 14:01:51,437: INFO: commons: created a directory at: artifacts/model_trainer]
[2025-09-11 14:02:53,543: INFO: commons: yaml file: config/config.yaml loaded successfully]
[2025-09-11 14:02:53,608: INFO: commons: yaml file: params.yaml loaded successfully]
[2025-09-11 14:02:53,617: INFO: commons: created a directory at: artifacts]
[2025-09-11 14:02:53,646: INFO: commons: created a directory at: artifacts/model_trainer]
[2025-09-11 14:03:27,617: INFO: commons: yaml file: config/config.yaml loaded successfully]
[2025-09-11 14:03:27,632: INFO: commons: yaml file: params.yaml loaded successfully]
[2025-09-11 14:03:27,637: INFO: commons: created a directory at: artifacts]
[2025-09-11 14:03:27,643: INFO: commons: created a directory at: artifacts/model_trainer]
[2025-09-11 14:05:12,432: INFO: commons: yaml file: config/config.yaml loaded successfully]
[2025-09-11 14:05:12,454: INFO: commons: yaml file: params.yaml loaded successfully]
[2025-09-11 14:05:12,462: INFO: commons: created a directory at: artifacts]
[2025-09-11 14:05:12,473: INFO: commons: created a directory at: artifacts/model_trainer]
[2025-09-11 14:08:33,921: INFO: commons: yaml file: config/config.yaml loaded successfully]
[2025-09-11 14:08:33,937: INFO: commons: yaml file: params.yaml loaded successfully]
[2025-09-11 14:08:33,943: INFO: commons: created a directory at: artifacts]
[2025-09-11 14:08:33,946: INFO: commons: created a directory at: artifacts/model_trainer]
[2025-09-11 14:26:58,223: INFO: commons: yaml file: config/config.yaml loaded successfully]
[2025-09-11 14:26:58,250: INFO: commons: yaml file: params.yaml loaded successfully]
[2025-09-11 14:26:58,253: INFO: commons: created a directory at: artifacts]
[2025-09-11 14:26:58,258: INFO: commons: created a directory at: artifacts/model_trainer]
[2025-09-11 14:27:56,271: INFO: commons: yaml file: config/config.yaml loaded successfully]
[2025-09-11 14:27:56,311: INFO: commons: yaml file: params.yaml loaded successfully]
[2025-09-11 14:27:56,331: INFO: commons: created a directory at: artifacts]
[2025-09-11 14:27:56,337: INFO: commons: created a directory at: artifacts/model_trainer]
[2025-09-11 14:29:42,333: INFO: commons: yaml file: config/config.yaml loaded successfully]
[2025-09-11 14:29:42,347: INFO: commons: yaml file: params.yaml loaded successfully]
[2025-09-11 14:29:42,352: INFO: commons: created a directory at: artifacts]
[2025-09-11 14:29:42,358: INFO: commons: created a directory at: artifacts/model_trainer]
[2025-09-11 14:32:08,746: INFO: commons: yaml file: config/config.yaml loaded successfully]
[2025-09-11 14:32:08,816: INFO: commons: yaml file: params.yaml loaded successfully]
[2025-09-11 14:32:08,862: INFO: commons: created a directory at: artifacts]
[2025-09-11 14:32:08,895: INFO: commons: created a directory at: artifacts/model_trainer]
[2025-09-11 14:34:12,378: INFO: commons: yaml file: config/config.yaml loaded successfully]
[2025-09-11 14:34:12,413: INFO: commons: yaml file: params.yaml loaded successfully]
[2025-09-11 14:34:12,424: INFO: commons: created a directory at: artifacts]
[2025-09-11 14:34:12,436: INFO: commons: created a directory at: artifacts/model_trainer]
[2025-09-11 16:54:18,704: INFO: commons: yaml file: config/config.yaml loaded successfully]
[2025-09-11 16:54:18,706: INFO: commons: yaml file: params.yaml loaded successfully]
[2025-09-11 16:54:18,708: INFO: commons: created a directory at: artifacts]
[2025-09-11 16:54:18,710: INFO: commons: created a directory at: artifacts/model_trainer]
[2025-09-11 17:02:06,779: INFO: main: stage Data Ingestion stage initiated]
[2025-09-11 17:02:06,781: INFO: commons: yaml file: config/config.yaml loaded successfully]
[2025-09-11 17:02:06,781: INFO: commons: yaml file: params.yaml loaded successfully]
[2025-09-11 17:02:06,782: INFO: commons: created a directory at: artifacts]
[2025-09-11 17:02:06,782: INFO: commons: created a directory at: artifacts/data_ingestion]
[2025-09-11 17:02:06,782: INFO: data_ingestion: File already exists]
[2025-09-11 17:02:06,837: INFO: data_ingestion: Extracted zip file to artifacts/data_ingestion]
[2025-09-11 17:02:06,837: INFO: main: Data Ingestion stage complete.]
[2025-09-11 17:02:06,837: INFO: main: stage Data Transformation stage initiated]
[2025-09-11 17:02:06,838: INFO: commons: yaml file: config/config.yaml loaded successfully]
[2025-09-11 17:02:06,839: INFO: commons: yaml file: params.yaml loaded successfully]
[2025-09-11 17:02:06,839: INFO: commons: created a directory at: artifacts]
[2025-09-11 17:02:06,839: INFO: commons: created a directory at: artifacts/data_transformation]
[2025-09-11 17:02:08,871: INFO: main: Data Transformation stage complete.]
[2025-09-11 17:02:17,006: INFO: commons: yaml file: config/config.yaml loaded successfully]
[2025-09-11 17:02:17,021: INFO: commons: yaml file: params.yaml loaded successfully]
[2025-09-11 17:02:17,023: INFO: commons: created a directory at: artifacts]
[2025-09-11 17:02:17,029: INFO: commons: created a directory at: artifacts/model_trainer]
[2025-09-11 17:05:43,538: INFO: main: stage Data Ingestion stage initiated]
[2025-09-11 17:05:43,540: INFO: commons: yaml file: config/config.yaml loaded successfully]
[2025-09-11 17:05:43,540: INFO: commons: yaml file: params.yaml loaded successfully]
[2025-09-11 17:05:43,540: INFO: commons: created a directory at: artifacts]
[2025-09-11 17:05:43,541: INFO: commons: created a directory at: artifacts/data_ingestion]
[2025-09-11 17:05:43,541: INFO: data_ingestion: File already exists]
[2025-09-11 17:05:43,609: INFO: data_ingestion: Extracted zip file to artifacts/data_ingestion]
[2025-09-11 17:05:43,609: INFO: main: Data Ingestion stage complete.]
[2025-09-11 17:05:43,609: INFO: main: stage Data Transformation stage initiated]
[2025-09-11 17:05:43,610: INFO: commons: yaml file: config/config.yaml loaded successfully]
[2025-09-11 17:05:43,611: INFO: commons: yaml file: params.yaml loaded successfully]
[2025-09-11 17:05:43,611: INFO: commons: created a directory at: artifacts]
[2025-09-11 17:05:43,611: INFO: commons: created a directory at: artifacts/data_transformation]
[2025-09-11 17:05:45,473: INFO: main: Data Transformation stage complete.]
[2025-09-11 17:06:23,710: INFO: commons: yaml file: config/config.yaml loaded successfully]
[2025-09-11 17:06:23,717: INFO: commons: yaml file: params.yaml loaded successfully]
[2025-09-11 17:06:23,721: INFO: commons: created a directory at: artifacts]
[2025-09-11 17:06:23,722: INFO: commons: created a directory at: artifacts/model_trainer]
[2025-09-11 17:15:41,021: INFO: commons: yaml file: config/config.yaml loaded successfully]
[2025-09-11 17:15:41,052: INFO: commons: yaml file: params.yaml loaded successfully]
[2025-09-11 17:15:41,054: INFO: commons: created a directory at: artifacts]
[2025-09-11 17:15:41,059: INFO: commons: created a directory at: artifacts/model_trainer]
[2025-09-11 17:15:55,769: INFO: commons: yaml file: config/config.yaml loaded successfully]
[2025-09-11 17:15:55,772: INFO: commons: yaml file: params.yaml loaded successfully]
[2025-09-11 17:15:55,773: INFO: commons: created a directory at: artifacts]
[2025-09-11 17:15:55,774: INFO: commons: created a directory at: artifacts/model_trainer]
[2025-09-11 17:20:23,137: INFO: commons: yaml file: config/config.yaml loaded successfully]
[2025-09-11 17:20:23,144: INFO: commons: yaml file: params.yaml loaded successfully]
[2025-09-11 17:20:23,145: INFO: commons: created a directory at: artifacts]
[2025-09-11 17:20:23,147: INFO: commons: created a directory at: artifacts/model_trainer]
[2025-09-11 17:21:57,500: INFO: main: stage Data Ingestion stage initiated]
[2025-09-11 17:21:57,501: INFO: commons: yaml file: config/config.yaml loaded successfully]
[2025-09-11 17:21:57,502: INFO: commons: yaml file: params.yaml loaded successfully]
[2025-09-11 17:21:57,502: INFO: commons: created a directory at: artifacts]
[2025-09-11 17:21:57,502: INFO: commons: created a directory at: artifacts/data_ingestion]
[2025-09-11 17:21:57,502: INFO: data_ingestion: File already exists]
[2025-09-11 17:21:57,582: INFO: data_ingestion: Extracted zip file to artifacts/data_ingestion]
[2025-09-11 17:21:57,582: INFO: main: Data Ingestion stage complete.]
[2025-09-11 17:21:57,582: INFO: main: stage Data Transformation stage initiated]
[2025-09-11 17:21:57,583: INFO: commons: yaml file: config/config.yaml loaded successfully]
[2025-09-11 17:21:57,584: INFO: commons: yaml file: params.yaml loaded successfully]
[2025-09-11 17:21:57,584: INFO: commons: created a directory at: artifacts]
[2025-09-11 17:21:57,584: INFO: commons: created a directory at: artifacts/data_transformation]
[2025-09-11 17:21:59,588: INFO: main: Data Transformation stage complete.]
[2025-09-11 17:24:24,525: INFO: main: stage Data Ingestion stage initiated]
[2025-09-11 17:24:24,526: INFO: commons: yaml file: config/config.yaml loaded successfully]
[2025-09-11 17:24:24,527: INFO: commons: yaml file: params.yaml loaded successfully]
[2025-09-11 17:24:24,527: INFO: commons: created a directory at: artifacts]
[2025-09-11 17:24:24,527: INFO: commons: created a directory at: artifacts/data_ingestion]
[2025-09-11 17:24:24,527: INFO: data_ingestion: File already exists]
[2025-09-11 17:24:24,577: INFO: data_ingestion: Extracted zip file to artifacts/data_ingestion]
[2025-09-11 17:24:24,577: INFO: main: Data Ingestion stage complete.]
[2025-09-11 17:24:24,577: INFO: main: stage Data Transformation stage initiated]
[2025-09-11 17:24:24,578: INFO: commons: yaml file: config/config.yaml loaded successfully]
[2025-09-11 17:24:24,579: INFO: commons: yaml file: params.yaml loaded successfully]
[2025-09-11 17:24:24,579: INFO: commons: created a directory at: artifacts]
[2025-09-11 17:24:24,579: INFO: commons: created a directory at: artifacts/data_transformation]
[2025-09-11 17:24:32,056: INFO: main: Data Transformation stage complete.]
[2025-09-11 17:24:43,081: INFO: commons: yaml file: config/config.yaml loaded successfully]
[2025-09-11 17:24:43,088: INFO: commons: yaml file: params.yaml loaded successfully]
[2025-09-11 17:24:43,091: INFO: commons: created a directory at: artifacts]
[2025-09-11 17:24:43,093: INFO: commons: created a directory at: artifacts/model_trainer]
[2025-09-11 21:02:50,744: INFO: commons: yaml file: config/config.yaml loaded successfully]
[2025-09-11 21:02:50,754: INFO: commons: yaml file: params.yaml loaded successfully]
[2025-09-11 21:02:50,756: INFO: commons: created a directory at: artifacts]
[2025-09-11 21:02:50,757: INFO: commons: created a directory at: artifacts/model_evaluation]
[2025-09-11 21:04:51,253: INFO: commons: yaml file: config/config.yaml loaded successfully]
[2025-09-11 21:04:51,264: INFO: commons: yaml file: params.yaml loaded successfully]
[2025-09-11 21:04:51,267: INFO: commons: created a directory at: artifacts]
[2025-09-11 21:04:51,268: INFO: commons: created a directory at: artifacts/model_evaluation]
[2025-09-11 21:06:09,984: INFO: commons: yaml file: config/config.yaml loaded successfully]
[2025-09-11 21:06:09,993: INFO: commons: yaml file: params.yaml loaded successfully]
[2025-09-11 21:06:09,996: INFO: commons: created a directory at: artifacts]
[2025-09-11 21:06:09,999: INFO: commons: created a directory at: artifacts/model_evaluation]
[2025-09-11 21:06:27,105: INFO: commons: yaml file: config/config.yaml loaded successfully]
[2025-09-11 21:06:27,108: INFO: commons: yaml file: params.yaml loaded successfully]
[2025-09-11 21:06:27,109: INFO: commons: created a directory at: artifacts]
[2025-09-11 21:06:27,110: INFO: commons: created a directory at: artifacts/model_evaluation]
[2025-09-11 21:11:18,582: INFO: commons: yaml file: config/config.yaml loaded successfully]
[2025-09-11 21:11:18,616: INFO: commons: yaml file: params.yaml loaded successfully]
[2025-09-11 21:11:18,655: INFO: commons: created a directory at: artifacts]
[2025-09-11 21:11:18,666: INFO: commons: created a directory at: artifacts/model_evaluation]
[2025-09-11 21:13:34,553: INFO: commons: yaml file: config/config.yaml loaded successfully]
[2025-09-11 21:13:34,555: INFO: commons: yaml file: params.yaml loaded successfully]
[2025-09-11 21:13:34,556: INFO: commons: created a directory at: artifacts]
[2025-09-11 21:13:34,557: INFO: commons: created a directory at: artifacts/model_evaluation]
[2025-09-11 21:14:42,897: INFO: commons: yaml file: config/config.yaml loaded successfully]
[2025-09-11 21:14:42,902: INFO: commons: yaml file: params.yaml loaded successfully]
[2025-09-11 21:14:42,904: INFO: commons: created a directory at: artifacts]
[2025-09-11 21:14:42,905: INFO: commons: created a directory at: artifacts/model_evaluation]
[2025-09-11 21:14:46,793: INFO: commons: yaml file: config/config.yaml loaded successfully]
[2025-09-11 21:14:46,796: INFO: commons: yaml file: params.yaml loaded successfully]
[2025-09-11 21:14:46,797: INFO: commons: created a directory at: artifacts]
[2025-09-11 21:14:46,798: INFO: commons: created a directory at: artifacts/model_evaluation]
[2025-09-11 21:15:11,298: INFO: commons: yaml file: config/config.yaml loaded successfully]
[2025-09-11 21:15:11,303: INFO: commons: yaml file: params.yaml loaded successfully]
[2025-09-11 21:15:11,304: INFO: commons: created a directory at: artifacts]
[2025-09-11 21:15:11,304: INFO: commons: created a directory at: artifacts/model_evaluation]
[2025-09-12 15:42:15,327: INFO: commons: yaml file: config/config.yaml loaded successfully]
[2025-09-12 15:42:15,342: INFO: commons: yaml file: params.yaml loaded successfully]
[2025-09-12 15:42:15,344: INFO: commons: created a directory at: artifacts]
[2025-09-12 15:42:15,344: INFO: commons: created a directory at: artifacts/model_evaluation]
[2025-09-12 15:44:11,336: INFO: commons: yaml file: config/config.yaml loaded successfully]
[2025-09-12 15:44:11,339: INFO: commons: yaml file: params.yaml loaded successfully]
[2025-09-12 15:44:11,340: INFO: commons: created a directory at: artifacts]
[2025-09-12 15:44:11,342: INFO: commons: created a directory at: artifacts/model_evaluation]
[2025-09-12 15:44:44,256: INFO: commons: yaml file: config/config.yaml loaded successfully]
[2025-09-12 15:44:44,259: INFO: commons: yaml file: params.yaml loaded successfully]
[2025-09-12 15:44:44,261: INFO: commons: created a directory at: artifacts]
[2025-09-12 15:44:44,264: INFO: commons: created a directory at: artifacts/model_evaluation]
[2025-09-12 15:46:36,909: INFO: commons: yaml file: config/config.yaml loaded successfully]
[2025-09-12 15:46:36,911: INFO: commons: yaml file: params.yaml loaded successfully]
[2025-09-12 15:46:36,912: INFO: commons: created a directory at: artifacts]
[2025-09-12 15:46:36,913: INFO: commons: created a directory at: artifacts/model_evaluation]
[2025-09-12 15:48:22,258: INFO: commons: yaml file: config/config.yaml loaded successfully]
[2025-09-12 15:48:22,266: INFO: commons: yaml file: params.yaml loaded successfully]
[2025-09-12 15:48:22,267: INFO: commons: created a directory at: artifacts]
[2025-09-12 15:48:22,268: INFO: commons: created a directory at: artifacts/model_evaluation]
[2025-09-12 15:48:53,532: INFO: commons: yaml file: config/config.yaml loaded successfully]
[2025-09-12 15:48:53,544: INFO: commons: yaml file: params.yaml loaded successfully]
[2025-09-12 15:48:53,549: INFO: commons: created a directory at: artifacts]
[2025-09-12 15:48:53,551: INFO: commons: created a directory at: artifacts/model_evaluation]
[2025-09-12 15:50:00,239: INFO: commons: yaml file: config/config.yaml loaded successfully]
[2025-09-12 15:50:00,244: INFO: commons: yaml file: params.yaml loaded successfully]
[2025-09-12 15:50:00,246: INFO: commons: created a directory at: artifacts]
[2025-09-12 15:50:00,247: INFO: commons: created a directory at: artifacts/model_evaluation]
[2025-09-12 15:55:24,054: INFO: commons: yaml file: config/config.yaml loaded successfully]
[2025-09-12 15:55:24,060: INFO: commons: yaml file: params.yaml loaded successfully]
[2025-09-12 15:55:24,060: INFO: commons: created a directory at: artifacts]
[2025-09-12 15:55:24,063: INFO: commons: created a directory at: artifacts/model_evaluation]
[2025-09-12 15:56:40,581: INFO: commons: yaml file: config/config.yaml loaded successfully]
[2025-09-12 15:56:40,584: INFO: commons: yaml file: params.yaml loaded successfully]
[2025-09-12 15:56:40,585: INFO: commons: created a directory at: artifacts]
[2025-09-12 15:56:40,585: INFO: commons: created a directory at: artifacts/model_evaluation]
